0 info it worked if it ends with ok
1 verbose cli [ 'C:\\Program Files\\nodejs\\node.exe',
1 verbose cli   'C:\\Program Files\\nodejs\\node_modules\\npm\\bin\\npm-cli.js',
1 verbose cli   'install',
1 verbose cli   '\'laravel-elixir\'' ]
2 info using npm@2.14.12
3 info using node@v4.2.6
4 verbose install initial load of F:\HERNAN\Gits\Mi primer trabajo UIBB\package.json
5 verbose installManyTop reading scoped package data from F:\HERNAN\Gits\Mi primer trabajo UIBB\node_modules\gulp\package.json
6 verbose readDependencies loading dependencies from F:\HERNAN\Gits\Mi primer trabajo UIBB\package.json
7 silly cache add args [ '\'laravel-elixir\'', null ]
8 verbose cache add spec 'laravel-elixir'
9 silly cache add parsed spec Result {
9 silly cache add   raw: '\'laravel-elixir\'',
9 silly cache add   scope: null,
9 silly cache add   name: null,
9 silly cache add   rawSpec: '\'laravel-elixir\'',
9 silly cache add   spec: 'F:\\HERNAN\\Gits\\Mi primer trabajo UIBB\\\'laravel-elixir\'',
9 silly cache add   type: 'local' }
10 error addLocal Could not install F:\HERNAN\Gits\Mi primer trabajo UIBB\'laravel-elixir'
11 verbose stack Error: ENOENT: no such file or directory, open 'F:\HERNAN\Gits\Mi primer trabajo UIBB\'laravel-elixir''
11 verbose stack     at Error (native)
12 verbose cwd F:\HERNAN\Gits\Mi primer trabajo UIBB
13 error Windows_NT 6.3.9600
14 error argv "C:\\Program Files\\nodejs\\node.exe" "C:\\Program Files\\nodejs\\node_modules\\npm\\bin\\npm-cli.js" "install" "'laravel-elixir'"
15 error node v4.2.6
16 error npm  v2.14.12
17 error path F:\HERNAN\Gits\Mi primer trabajo UIBB\'laravel-elixir'
18 error code ENOENT
19 error errno -4058
20 error syscall open
21 error enoent ENOENT: no such file or directory, open 'F:\HERNAN\Gits\Mi primer trabajo UIBB\'laravel-elixir''
21 error enoent This is most likely not a problem with npm itself
21 error enoent and is related to npm not being able to find a file.
22 verbose exit [ -4058, true ]
